{+} LOG FILE OF ----------------------------|Jxixi.c
	[+] INFO: exe/prova.o 5000 100 5
	 |	created directory (w ERRNO) -> C/	(File exists)
	 |	resetting errno to 0.
	 |	created directory (w ERRNO) -> exe/	(File exists)
	 |	resetting errno to 0.
	 |	created directory (w ERRNO) -> in/	(Success)
	 |	resetting errno to 0.
	 |	created directory (w ERRNO) -> res/	(File exists)
	 |	resetting errno to 0.
	 |	created directory (w ERRNO) -> C/head/	(File exists)
	 |	resetting errno to 0.
	 |	created directory (w ERRNO) -> C/head/SFMT/	(File exists)
	 |	resetting errno to 0.
	 |	created directory (w ERRNO) -> res/data/	(File exists)
	 |	resetting errno to 0.
	 |	created directory (w ERRNO) -> res/data/fcfg/	(Success)
	 |	resetting errno to 0.
	 |	created directory (w ERRNO) -> res/data/chck/	(File exists)
	 |	resetting errno to 0.
	 |	created directory (w ERRNO) -> res/data/cfgs/	(Success)
	 |	resetting errno to 0.
	 |	created directory (w ERRNO) -> res/data/hop2/	(Success)
	 |	resetting errno to 0.
	 |	created directory (w ERRNO) -> res/data/hop3/	(Success)
	 |	resetting errno to 0.
	 |	created directory (w ERRNO) -> res/data/jmat2/	(File exists)
	 |	resetting errno to 0.
	 |	created directory (w ERRNO) -> res/data/jmat3/	(Success)
	 |	resetting errno to 0.
	 |	created directory (w ERRNO) -> res/tmp/	(File exists)
	 |	resetting errno to 0.